Using pre-set license
Built from '2021.3/staging' branch; Version is '2021.3.18f1 (3129e69bc0c7) revision 3221990'; Using compiler version '192829333'; Build Type 'Release'
OS: 'Windows 10  (10.0.19045) 64bit Professional' Language: 'ru' Physical Memory: 8157 MB
BatchMode: 1, IsHumanControllingUs: 0, StartBugReporterOnCrash: 0, Is64bit: 1, IsPro: 1

COMMAND LINE ARGUMENTS:
C:\Program Files\Unity\Hub\Editor\2021.3.18f1\Editor\Unity.exe
-adb2
-batchMode
-noUpm
-name
AssetImportWorker10
-projectPath
D:/Course Project/Merc Rebirth
-logFile
Logs/AssetImportWorker10.log
-srvPort
56454
Successfully changed project path to: D:/Course Project/Merc Rebirth
D:/Course Project/Merc Rebirth
[UnityMemory] Configuration Parameters - Can be set up in boot.config
    "memorysetup-bucket-allocator-granularity=16"
    "memorysetup-bucket-allocator-bucket-count=8"
    "memorysetup-bucket-allocator-block-size=33554432"
    "memorysetup-bucket-allocator-block-count=8"
    "memorysetup-main-allocator-block-size=16777216"
    "memorysetup-thread-allocator-block-size=16777216"
    "memorysetup-gfx-main-allocator-block-size=16777216"
    "memorysetup-gfx-thread-allocator-block-size=16777216"
    "memorysetup-cache-allocator-block-size=4194304"
    "memorysetup-typetree-allocator-block-size=2097152"
    "memorysetup-profiler-bucket-allocator-granularity=16"
    "memorysetup-profiler-bucket-allocator-bucket-count=8"
    "memorysetup-profiler-bucket-allocator-block-size=33554432"
    "memorysetup-profiler-bucket-allocator-block-count=8"
    "memorysetup-profiler-allocator-block-size=16777216"
    "memorysetup-profiler-editor-allocator-block-size=1048576"
    "memorysetup-temp-allocator-size-main=16777216"
    "memorysetup-job-temp-allocator-block-size=2097152"
    "memorysetup-job-temp-allocator-block-size-background=1048576"
    "memorysetup-job-temp-allocator-reduction-small-platforms=262144"
    "memorysetup-temp-allocator-size-background-worker=32768"
    "memorysetup-temp-allocator-size-job-worker=262144"
    "memorysetup-temp-allocator-size-preload-manager=33554432"
    "memorysetup-temp-allocator-size-nav-mesh-worker=65536"
    "memorysetup-temp-allocator-size-audio-worker=65536"
    "memorysetup-temp-allocator-size-cloud-worker=32768"
    "memorysetup-temp-allocator-size-gi-baking-worker=262144"
    "memorysetup-temp-allocator-size-gfx=262144"
Player connection [9520] Host "[IP] 192.168.1.69 [Port] 0 [Flags] 2 [Guid] 2933967759 [EditorId] 2933967759 [Version] 1048832 [Id] WindowsEditor(7,DESKTOP-HS2KJMA) [Debug] 1 [PackageName] WindowsEditor [ProjectName] Editor" joined multi-casting on [225.0.0.222:54997]...

Player connection [9520] Host "[IP] 192.168.1.69 [Port] 0 [Flags] 2 [Guid] 2933967759 [EditorId] 2933967759 [Version] 1048832 [Id] WindowsEditor(7,DESKTOP-HS2KJMA) [Debug] 1 [PackageName] WindowsEditor [ProjectName] Editor" joined alternative multi-casting on [225.0.0.222:34997]...

Refreshing native plugins compatible for Editor in 159.09 ms, found 6 plugins.
Preloading 0 native plugins for Editor in 0.00 ms.
Initialize engine version: 2021.3.18f1 (3129e69bc0c7)
[Subsystems] Discovering subsystems at path C:/Program Files/Unity/Hub/Editor/2021.3.18f1/Editor/Data/Resources/UnitySubsystems
[Subsystems] Discovering subsystems at path D:/Course Project/Merc Rebirth/Assets
GfxDevice: creating device client; threaded=0; jobified=0
Direct3D:
    Version:  Direct3D 11.0 [level 11.1]
    Renderer: NVIDIA GeForce GTX 1050 Ti (ID=0x1c82)
    Vendor:   NVIDIA
    VRAM:     4017 MB
    Driver:   31.0.15.3168
Initialize mono
Mono path[0] = 'C:/Program Files/Unity/Hub/Editor/2021.3.18f1/Editor/Data/Managed'
Mono path[1] = 'C:/Program Files/Unity/Hub/Editor/2021.3.18f1/Editor/Data/MonoBleedingEdge/lib/mono/unityjit-win32'
Mono config path = 'C:/Program Files/Unity/Hub/Editor/2021.3.18f1/Editor/Data/MonoBleedingEdge/etc'
Using monoOptions --debugger-agent=transport=dt_socket,embedding=1,server=y,suspend=n,address=127.0.0.1:56276
Begin MonoManager ReloadAssembly
Registering precompiled unity dll's ...
Register platform support module: C:/Program Files/Unity/Hub/Editor/2021.3.18f1/Editor/Data/PlaybackEngines/WindowsStandaloneSupport/UnityEditor.WindowsStandalone.Extensions.dll
Registered in 0.009182 seconds.
Native extension for WindowsStandalone target not found
Refreshing native plugins compatible for Editor in 133.64 ms, found 6 plugins.
Preloading 0 native plugins for Editor in 0.00 ms.
Mono: successfully reloaded assembly
- Completed reload, in  0.885 seconds
Domain Reload Profiling:
	ReloadAssembly (886ms)
		BeginReloadAssembly (104ms)
			ExecutionOrderSort (0ms)
			DisableScriptedObjects (0ms)
			BackupInstance (0ms)
			ReleaseScriptingObjects (0ms)
			CreateAndSetChildDomain (1ms)
		EndReloadAssembly (628ms)
			LoadAssemblies (101ms)
			RebuildTransferFunctionScriptingTraits (0ms)
			SetupTypeCache (149ms)
			ReleaseScriptCaches (0ms)
			RebuildScriptCaches (39ms)
			SetupLoadedEditorAssemblies (375ms)
				LogAssemblyErrors (0ms)
				InitializePlatformSupportModulesInManaged (10ms)
				SetLoadedEditorAssemblies (0ms)
				RefreshPlugins (134ms)
				BeforeProcessingInitializeOnLoad (1ms)
				ProcessInitializeOnLoadAttributes (165ms)
				ProcessInitializeOnLoadMethodAttributes (64ms)
				AfterProcessingInitializeOnLoad (0ms)
				EditorAssembliesLoaded (0ms)
			ExecutionOrderSort2 (0ms)
			AwakeInstancesAfterBackupRestoration (0ms)
Platform modules already initialized, skipping
Registering precompiled user dll's ...
Registered in 0.014101 seconds.
Begin MonoManager ReloadAssembly
Symbol file LoadedFromMemory doesn't match image D:\Course Project\Merc Rebirth\Library\PackageCache\com.unity.visualscripting@1.8.0\Editor\VisualScripting.Core\Dependencies\DotNetZip\Unity.VisualScripting.IonicZip.dll
Symbol file LoadedFromMemory doesn't match image D:\Course Project\Merc Rebirth\Library\PackageCache\com.unity.visualscripting@1.8.0\Editor\VisualScripting.Core\Dependencies\YamlDotNet\Unity.VisualScripting.YamlDotNet.dll
Native extension for WindowsStandalone target not found
Refreshing native plugins compatible for Editor in 113.39 ms, found 6 plugins.
Preloading 0 native plugins for Editor in 0.00 ms.
Mono: successfully reloaded assembly
- Completed reload, in  1.857 seconds
Domain Reload Profiling:
	ReloadAssembly (1859ms)
		BeginReloadAssembly (144ms)
			ExecutionOrderSort (0ms)
			DisableScriptedObjects (8ms)
			BackupInstance (0ms)
			ReleaseScriptingObjects (0ms)
			CreateAndSetChildDomain (23ms)
		EndReloadAssembly (1569ms)
			LoadAssemblies (115ms)
			RebuildTransferFunctionScriptingTraits (0ms)
			SetupTypeCache (359ms)
			ReleaseScriptCaches (1ms)
			RebuildScriptCaches (86ms)
			SetupLoadedEditorAssemblies (922ms)
				LogAssemblyErrors (0ms)
				InitializePlatformSupportModulesInManaged (9ms)
				SetLoadedEditorAssemblies (0ms)
				RefreshPlugins (113ms)
				BeforeProcessingInitializeOnLoad (133ms)
				ProcessInitializeOnLoadAttributes (586ms)
				ProcessInitializeOnLoadMethodAttributes (65ms)
				AfterProcessingInitializeOnLoad (15ms)
				EditorAssembliesLoaded (0ms)
			ExecutionOrderSort2 (0ms)
			AwakeInstancesAfterBackupRestoration (19ms)
Platform modules already initialized, skipping
========================================================================
Worker process is ready to serve import requests
Launched and connected shader compiler UnityShaderCompiler.exe after 0.08 seconds
Refreshing native plugins compatible for Editor in 1.39 ms, found 6 plugins.
Preloading 0 native plugins for Editor in 0.00 ms.
Unloading 4081 Unused Serialized files (Serialized files now loaded: 0)
Unloading 75 unused Assets / (65.2 MB). Loaded Objects now: 4578.
Memory consumption went from 176.0 MB to 110.8 MB.
Total: 14.715100 ms (FindLiveObjects: 1.020200 ms CreateObjectMapping: 2.176200 ms MarkObjects: 11.251800 ms  DeleteObjects: 0.265300 ms)

AssetImportParameters requested are different than current active one (requested -> active):
  custom:video-decoder-ogg-theora: a1e56fd34408186e4bbccfd4996cb3dc -> 
  custom:container-muxer-webm: aa71ff27fc2769a1b78a27578f13a17b -> 
  custom:container-demuxer-webm: 4f35f7cbe854078d1ac9338744f61a02 -> 
  custom:video-encoder-webm-vp8: eb34c28f22e8b96e1ab97ce403110664 -> 
  custom:audio-encoder-webm-vorbis: bf7c407c2cedff20999df2af8eb42d56 -> 
  custom:framework-win-MediaFoundation: 216162199b28c13a410421893ffa2e32 -> 
  custom:container-demuxer-ogg: 62fdf1f143b41e24485cea50d1cbac27 -> 
  custom:video-decoder-webm-vp8: 9c59270c3fd7afecdb556c50c9e8de78 -> 
  custom:audio-decoder-ogg-vorbis: bf7c407c2cedff20999df2af8eb42d56 -> 
========================================================================
Received Import Request.
  Time since last request: 2045255.628162 seconds.
  path: Assets/RoomGeneration/Room Presets/Ice Rooms/20x20 Circle/Layouts/Double_Layout.prefab
  artifactKey: Guid(d30077db521e076419992d71c5f83b0d) Importer(815301076,1909f56bfc062723c751e8b465ee728b)
Start importing Assets/RoomGeneration/Room Presets/Ice Rooms/20x20 Circle/Layouts/Double_Layout.prefab using Guid(d30077db521e076419992d71c5f83b0d) Importer(815301076,1909f56bfc062723c751e8b465ee728b)  -> (artifact id: '8aba19f6c1789a6ff52af72b604ec06b') in 0.914774 seconds 
========================================================================
Received Import Request.
  Time since last request: 0.000032 seconds.
  path: Assets/RoomGeneration/Room Presets/Ice Rooms/20x20 Circle/Layouts/Split_Layout.prefab
  artifactKey: Guid(6d049cfd3347cd94089234e1334757d4) Importer(815301076,1909f56bfc062723c751e8b465ee728b)
Start importing Assets/RoomGeneration/Room Presets/Ice Rooms/20x20 Circle/Layouts/Split_Layout.prefab using Guid(6d049cfd3347cd94089234e1334757d4) Importer(815301076,1909f56bfc062723c751e8b465ee728b)  -> (artifact id: '48519296249dda0a63fcd204693343c9') in 0.070387 seconds 
========================================================================
Received Import Request.
  Time since last request: 0.000042 seconds.
  path: Assets/RoomGeneration/Room Presets/Ice Rooms/20x20 Circle/Layouts/Waves_Layout.prefab
  artifactKey: Guid(f2f33cd5ba1d1074bad95e2db061ec58) Importer(815301076,1909f56bfc062723c751e8b465ee728b)
Start importing Assets/RoomGeneration/Room Presets/Ice Rooms/20x20 Circle/Layouts/Waves_Layout.prefab using Guid(f2f33cd5ba1d1074bad95e2db061ec58) Importer(815301076,1909f56bfc062723c751e8b465ee728b)  -> (artifact id: '98c480c5f47ec8538ea643611ac5f596') in 0.059318 seconds 
========================================================================
Received Import Request.
  Time since last request: 0.000030 seconds.
  path: Assets/RoomGeneration/Room Presets/Ice Rooms/20x20 Circle/Layouts/Empty_Layout.prefab
  artifactKey: Guid(72af7055793a62c4fa6244c1c7a2ee23) Importer(815301076,1909f56bfc062723c751e8b465ee728b)
Start importing Assets/RoomGeneration/Room Presets/Ice Rooms/20x20 Circle/Layouts/Empty_Layout.prefab using Guid(72af7055793a62c4fa6244c1c7a2ee23) Importer(815301076,1909f56bfc062723c751e8b465ee728b)  -> (artifact id: 'a71efe30a960b31cdddd08f10ac172d6') in 0.012980 seconds 
========================================================================
Received Import Request.
  Time since last request: 0.000030 seconds.
  path: Assets/RoomGeneration/Room Presets/Ice Rooms/20x20 Circle/Layouts/Random_Layout.prefab
  artifactKey: Guid(4674e5510f11e2e4d9367c22bd3b3088) Importer(815301076,1909f56bfc062723c751e8b465ee728b)
Start importing Assets/RoomGeneration/Room Presets/Ice Rooms/20x20 Circle/Layouts/Random_Layout.prefab using Guid(4674e5510f11e2e4d9367c22bd3b3088) Importer(815301076,1909f56bfc062723c751e8b465ee728b)  -> (artifact id: '8f7b454ccf459fbf4b43fd4eda549b99') in 0.041287 seconds 
========================================================================
Received Import Request.
  Time since last request: 0.000028 seconds.
  path: Assets/RoomGeneration/Room Presets/Ice Rooms/20x20 Circle/Layouts/Hook_Layout.prefab
  artifactKey: Guid(c4dd85fa64e4a894891df83fdec69210) Importer(815301076,1909f56bfc062723c751e8b465ee728b)
Start importing Assets/RoomGeneration/Room Presets/Ice Rooms/20x20 Circle/Layouts/Hook_Layout.prefab using Guid(c4dd85fa64e4a894891df83fdec69210) Importer(815301076,1909f56bfc062723c751e8b465ee728b)  -> (artifact id: '155e3cf0a2d911b81a7bb6c8becf4019') in 0.063558 seconds 
========================================================================
Received Import Request.
  Time since last request: 0.000604 seconds.
  path: Assets/RoomGeneration/Room Presets/Ice Rooms/20x20 Circle/Layouts/X_Layout.prefab
  artifactKey: Guid(4d11fce1c15cf42498b40fd322d80fc6) Importer(815301076,1909f56bfc062723c751e8b465ee728b)
Start importing Assets/RoomGeneration/Room Presets/Ice Rooms/20x20 Circle/Layouts/X_Layout.prefab using Guid(4d11fce1c15cf42498b40fd322d80fc6) Importer(815301076,1909f56bfc062723c751e8b465ee728b)  -> (artifact id: '0784121a741732dd3df2e70a324f1af9') in 0.066472 seconds 
========================================================================
Received Import Request.
  Time since last request: 141.113418 seconds.
  path: Assets/RoomGeneration/Room Presets/Ice Rooms/20x20 Circle/Layouts/Hook_Layout.prefab
  artifactKey: Guid(c4dd85fa64e4a894891df83fdec69210) Importer(815301076,1909f56bfc062723c751e8b465ee728b)
Start importing Assets/RoomGeneration/Room Presets/Ice Rooms/20x20 Circle/Layouts/Hook_Layout.prefab using Guid(c4dd85fa64e4a894891df83fdec69210) Importer(815301076,1909f56bfc062723c751e8b465ee728b)  -> (artifact id: '32caef3f71ee4f3c9d7a8ccdef2c6fc0') in 0.474040 seconds 
========================================================================
Received Prepare
Registering precompiled user dll's ...
Registered in 0.028830 seconds.
Begin MonoManager ReloadAssembly
Symbol file LoadedFromMemory doesn't match image D:\Course Project\Merc Rebirth\Library\PackageCache\com.unity.visualscripting@1.8.0\Editor\VisualScripting.Core\Dependencies\DotNetZip\Unity.VisualScripting.IonicZip.dll
Symbol file LoadedFromMemory doesn't match image D:\Course Project\Merc Rebirth\Library\PackageCache\com.unity.visualscripting@1.8.0\Editor\VisualScripting.Core\Dependencies\YamlDotNet\Unity.VisualScripting.YamlDotNet.dll
Native extension for WindowsStandalone target not found
Refreshing native plugins compatible for Editor in 2.03 ms, found 6 plugins.
Preloading 0 native plugins for Editor in 0.00 ms.
Mono: successfully reloaded assembly
- Completed reload, in  1.853 seconds
Domain Reload Profiling:
	ReloadAssembly (1854ms)
		BeginReloadAssembly (220ms)
			ExecutionOrderSort (0ms)
			DisableScriptedObjects (8ms)
			BackupInstance (0ms)
			ReleaseScriptingObjects (1ms)
			CreateAndSetChildDomain (76ms)
		EndReloadAssembly (1457ms)
			LoadAssemblies (139ms)
			RebuildTransferFunctionScriptingTraits (0ms)
			SetupTypeCache (357ms)
			ReleaseScriptCaches (2ms)
			RebuildScriptCaches (69ms)
			SetupLoadedEditorAssemblies (847ms)
				LogAssemblyErrors (0ms)
				InitializePlatformSupportModulesInManaged (80ms)
				SetLoadedEditorAssemblies (1ms)
				RefreshPlugins (2ms)
				BeforeProcessingInitializeOnLoad (234ms)
				ProcessInitializeOnLoadAttributes (472ms)
				ProcessInitializeOnLoadMethodAttributes (46ms)
				AfterProcessingInitializeOnLoad (12ms)
				EditorAssembliesLoaded (0ms)
			ExecutionOrderSort2 (0ms)
			AwakeInstancesAfterBackupRestoration (12ms)
Platform modules already initialized, skipping
Refreshing native plugins compatible for Editor in 5.00 ms, found 6 plugins.
Preloading 0 native plugins for Editor in 0.00 ms.
Unloading 4056 Unused Serialized files (Serialized files now loaded: 0)
Unloading 50 unused Assets / (97.9 KB). Loaded Objects now: 4604.
Memory consumption went from 179.0 MB to 179.0 MB.
Total: 5.753600 ms (FindLiveObjects: 0.368800 ms CreateObjectMapping: 0.378800 ms MarkObjects: 4.939400 ms  DeleteObjects: 0.065500 ms)

AssetImportParameters requested are different than current active one (requested -> active):
  custom:video-decoder-ogg-theora: a1e56fd34408186e4bbccfd4996cb3dc -> 
  custom:container-muxer-webm: aa71ff27fc2769a1b78a27578f13a17b -> 
  custom:container-demuxer-webm: 4f35f7cbe854078d1ac9338744f61a02 -> 
  custom:video-encoder-webm-vp8: eb34c28f22e8b96e1ab97ce403110664 -> 
  custom:audio-encoder-webm-vorbis: bf7c407c2cedff20999df2af8eb42d56 -> 
  custom:framework-win-MediaFoundation: 216162199b28c13a410421893ffa2e32 -> 
  custom:container-demuxer-ogg: 62fdf1f143b41e24485cea50d1cbac27 -> 
  custom:video-decoder-webm-vp8: 9c59270c3fd7afecdb556c50c9e8de78 -> 
  custom:audio-decoder-ogg-vorbis: bf7c407c2cedff20999df2af8eb42d56 -> 
========================================================================
Received Prepare
Registering precompiled user dll's ...
Registered in 0.026009 seconds.
Begin MonoManager ReloadAssembly
Symbol file LoadedFromMemory doesn't match image D:\Course Project\Merc Rebirth\Library\PackageCache\com.unity.visualscripting@1.8.0\Editor\VisualScripting.Core\Dependencies\DotNetZip\Unity.VisualScripting.IonicZip.dll
Symbol file LoadedFromMemory doesn't match image D:\Course Project\Merc Rebirth\Library\PackageCache\com.unity.visualscripting@1.8.0\Editor\VisualScripting.Core\Dependencies\YamlDotNet\Unity.VisualScripting.YamlDotNet.dll
Native extension for WindowsStandalone target not found
Refreshing native plugins compatible for Editor in 6.18 ms, found 6 plugins.
Preloading 0 native plugins for Editor in 0.00 ms.
Mono: successfully reloaded assembly
- Completed reload, in  4.595 seconds
Domain Reload Profiling:
	ReloadAssembly (4598ms)
		BeginReloadAssembly (457ms)
			ExecutionOrderSort (0ms)
			DisableScriptedObjects (33ms)
			BackupInstance (0ms)
			ReleaseScriptingObjects (1ms)
			CreateAndSetChildDomain (137ms)
		EndReloadAssembly (3799ms)
			LoadAssemblies (255ms)
			RebuildTransferFunctionScriptingTraits (0ms)
			SetupTypeCache (1098ms)
			ReleaseScriptCaches (3ms)
			RebuildScriptCaches (316ms)
			SetupLoadedEditorAssemblies (1892ms)
				LogAssemblyErrors (0ms)
				InitializePlatformSupportModulesInManaged (84ms)
				SetLoadedEditorAssemblies (10ms)
				RefreshPlugins (6ms)
				BeforeProcessingInitializeOnLoad (314ms)
				ProcessInitializeOnLoadAttributes (1295ms)
				ProcessInitializeOnLoadMethodAttributes (136ms)
				AfterProcessingInitializeOnLoad (46ms)
				EditorAssembliesLoaded (0ms)
			ExecutionOrderSort2 (0ms)
			AwakeInstancesAfterBackupRestoration (42ms)
Platform modules already initialized, skipping
Refreshing native plugins compatible for Editor in 13.72 ms, found 6 plugins.
Preloading 0 native plugins for Editor in 0.00 ms.
Unloading 4056 Unused Serialized files (Serialized files now loaded: 0)
Unloading 50 unused Assets / (97.9 KB). Loaded Objects now: 4619.
Memory consumption went from 179.1 MB to 179.0 MB.
Total: 12.112500 ms (FindLiveObjects: 0.884700 ms CreateObjectMapping: 0.908900 ms MarkObjects: 10.251500 ms  DeleteObjects: 0.065700 ms)

AssetImportParameters requested are different than current active one (requested -> active):
  custom:video-decoder-ogg-theora: a1e56fd34408186e4bbccfd4996cb3dc -> 
  custom:container-muxer-webm: aa71ff27fc2769a1b78a27578f13a17b -> 
  custom:container-demuxer-webm: 4f35f7cbe854078d1ac9338744f61a02 -> 
  custom:video-encoder-webm-vp8: eb34c28f22e8b96e1ab97ce403110664 -> 
  custom:audio-encoder-webm-vorbis: bf7c407c2cedff20999df2af8eb42d56 -> 
  custom:framework-win-MediaFoundation: 216162199b28c13a410421893ffa2e32 -> 
  custom:container-demuxer-ogg: 62fdf1f143b41e24485cea50d1cbac27 -> 
  custom:video-decoder-webm-vp8: 9c59270c3fd7afecdb556c50c9e8de78 -> 
  custom:audio-decoder-ogg-vorbis: bf7c407c2cedff20999df2af8eb42d56 -> 
========================================================================
Received Import Request.
  Time since last request: 42.763633 seconds.
  path: Assets/RoomGeneration/Room Presets/Ice Rooms/20x20 Circle/Layouts/Split_Layout.prefab
  artifactKey: Guid(6d049cfd3347cd94089234e1334757d4) Importer(815301076,1909f56bfc062723c751e8b465ee728b)
Start importing Assets/RoomGeneration/Room Presets/Ice Rooms/20x20 Circle/Layouts/Split_Layout.prefab using Guid(6d049cfd3347cd94089234e1334757d4) Importer(815301076,1909f56bfc062723c751e8b465ee728b)  -> (artifact id: '68563b53a5677573dbd77e3511ed1f55') in 0.246293 seconds 
========================================================================
Received Import Request.
  Time since last request: 0.000068 seconds.
  path: Assets/RoomGeneration/Room Presets/Ice Rooms/20x20 Circle/Layouts/Random_Layout.prefab
  artifactKey: Guid(4674e5510f11e2e4d9367c22bd3b3088) Importer(815301076,1909f56bfc062723c751e8b465ee728b)
Start importing Assets/RoomGeneration/Room Presets/Ice Rooms/20x20 Circle/Layouts/Random_Layout.prefab using Guid(4674e5510f11e2e4d9367c22bd3b3088) Importer(815301076,1909f56bfc062723c751e8b465ee728b)  -> (artifact id: 'c00c148ea4d4c4ca6927137cfca933de') in 0.067024 seconds 
========================================================================
Received Import Request.
  Time since last request: 0.000040 seconds.
  path: Assets/RoomGeneration/Room Presets/Ice Rooms/20x20 Circle/Layouts/Double_Layout.prefab
  artifactKey: Guid(d30077db521e076419992d71c5f83b0d) Importer(815301076,1909f56bfc062723c751e8b465ee728b)
Start importing Assets/RoomGeneration/Room Presets/Ice Rooms/20x20 Circle/Layouts/Double_Layout.prefab using Guid(d30077db521e076419992d71c5f83b0d) Importer(815301076,1909f56bfc062723c751e8b465ee728b)  -> (artifact id: '440e85bbd243f00d34ef52130a3f1057') in 0.074321 seconds 
Editor requested this worker to shutdown with reason: Scaling down because of idle timeout
AssetImportWorker is now disconnected from the server
Process exiting
Exiting without the bug reporter. Application will terminate with return code 0