Using pre-set license
Built from '2021.3/staging' branch; Version is '2021.3.18f1 (3129e69bc0c7) revision 3221990'; Using compiler version '192829333'; Build Type 'Release'
OS: 'Windows 10  (10.0.19045) 64bit Professional' Language: 'ru' Physical Memory: 8157 MB
BatchMode: 1, IsHumanControllingUs: 0, StartBugReporterOnCrash: 0, Is64bit: 1, IsPro: 1

COMMAND LINE ARGUMENTS:
C:\Program Files\Unity\Hub\Editor\2021.3.18f1\Editor\Unity.exe
-adb2
-batchMode
-noUpm
-name
AssetImportWorker8
-projectPath
D:/Course Project/Merc Rebirth
-logFile
Logs/AssetImportWorker8.log
-srvPort
56454
Successfully changed project path to: D:/Course Project/Merc Rebirth
D:/Course Project/Merc Rebirth
[UnityMemory] Configuration Parameters - Can be set up in boot.config
    "memorysetup-bucket-allocator-granularity=16"
    "memorysetup-bucket-allocator-bucket-count=8"
    "memorysetup-bucket-allocator-block-size=33554432"
    "memorysetup-bucket-allocator-block-count=8"
    "memorysetup-main-allocator-block-size=16777216"
    "memorysetup-thread-allocator-block-size=16777216"
    "memorysetup-gfx-main-allocator-block-size=16777216"
    "memorysetup-gfx-thread-allocator-block-size=16777216"
    "memorysetup-cache-allocator-block-size=4194304"
    "memorysetup-typetree-allocator-block-size=2097152"
    "memorysetup-profiler-bucket-allocator-granularity=16"
    "memorysetup-profiler-bucket-allocator-bucket-count=8"
    "memorysetup-profiler-bucket-allocator-block-size=33554432"
    "memorysetup-profiler-bucket-allocator-block-count=8"
    "memorysetup-profiler-allocator-block-size=16777216"
    "memorysetup-profiler-editor-allocator-block-size=1048576"
    "memorysetup-temp-allocator-size-main=16777216"
    "memorysetup-job-temp-allocator-block-size=2097152"
    "memorysetup-job-temp-allocator-block-size-background=1048576"
    "memorysetup-job-temp-allocator-reduction-small-platforms=262144"
    "memorysetup-temp-allocator-size-background-worker=32768"
    "memorysetup-temp-allocator-size-job-worker=262144"
    "memorysetup-temp-allocator-size-preload-manager=33554432"
    "memorysetup-temp-allocator-size-nav-mesh-worker=65536"
    "memorysetup-temp-allocator-size-audio-worker=65536"
    "memorysetup-temp-allocator-size-cloud-worker=32768"
    "memorysetup-temp-allocator-size-gi-baking-worker=262144"
    "memorysetup-temp-allocator-size-gfx=262144"
Player connection [1588] Host "[IP] 192.168.1.69 [Port] 0 [Flags] 2 [Guid] 3709370182 [EditorId] 3709370182 [Version] 1048832 [Id] WindowsEditor(7,DESKTOP-HS2KJMA) [Debug] 1 [PackageName] WindowsEditor [ProjectName] Editor" joined multi-casting on [225.0.0.222:54997]...

Player connection [1588] Host "[IP] 192.168.1.69 [Port] 0 [Flags] 2 [Guid] 3709370182 [EditorId] 3709370182 [Version] 1048832 [Id] WindowsEditor(7,DESKTOP-HS2KJMA) [Debug] 1 [PackageName] WindowsEditor [ProjectName] Editor" joined alternative multi-casting on [225.0.0.222:34997]...

Refreshing native plugins compatible for Editor in 143.28 ms, found 6 plugins.
Preloading 0 native plugins for Editor in 0.00 ms.
Initialize engine version: 2021.3.18f1 (3129e69bc0c7)
[Subsystems] Discovering subsystems at path C:/Program Files/Unity/Hub/Editor/2021.3.18f1/Editor/Data/Resources/UnitySubsystems
[Subsystems] Discovering subsystems at path D:/Course Project/Merc Rebirth/Assets
GfxDevice: creating device client; threaded=0; jobified=0
Direct3D:
    Version:  Direct3D 11.0 [level 11.1]
    Renderer: NVIDIA GeForce GTX 1050 Ti (ID=0x1c82)
    Vendor:   NVIDIA
    VRAM:     4017 MB
    Driver:   31.0.15.3168
Initialize mono
Mono path[0] = 'C:/Program Files/Unity/Hub/Editor/2021.3.18f1/Editor/Data/Managed'
Mono path[1] = 'C:/Program Files/Unity/Hub/Editor/2021.3.18f1/Editor/Data/MonoBleedingEdge/lib/mono/unityjit-win32'
Mono config path = 'C:/Program Files/Unity/Hub/Editor/2021.3.18f1/Editor/Data/MonoBleedingEdge/etc'
Using monoOptions --debugger-agent=transport=dt_socket,embedding=1,server=y,suspend=n,address=127.0.0.1:56320
Begin MonoManager ReloadAssembly
Registering precompiled unity dll's ...
Register platform support module: C:/Program Files/Unity/Hub/Editor/2021.3.18f1/Editor/Data/PlaybackEngines/WindowsStandaloneSupport/UnityEditor.WindowsStandalone.Extensions.dll
Registered in 0.008118 seconds.
Native extension for WindowsStandalone target not found
Refreshing native plugins compatible for Editor in 176.57 ms, found 6 plugins.
Preloading 0 native plugins for Editor in 0.00 ms.
Mono: successfully reloaded assembly
- Completed reload, in  1.323 seconds
Domain Reload Profiling:
	ReloadAssembly (1324ms)
		BeginReloadAssembly (103ms)
			ExecutionOrderSort (0ms)
			DisableScriptedObjects (0ms)
			BackupInstance (0ms)
			ReleaseScriptingObjects (0ms)
			CreateAndSetChildDomain (1ms)
		EndReloadAssembly (1093ms)
			LoadAssemblies (99ms)
			RebuildTransferFunctionScriptingTraits (0ms)
			SetupTypeCache (121ms)
			ReleaseScriptCaches (0ms)
			RebuildScriptCaches (39ms)
			SetupLoadedEditorAssemblies (855ms)
				LogAssemblyErrors (0ms)
				InitializePlatformSupportModulesInManaged (11ms)
				SetLoadedEditorAssemblies (0ms)
				RefreshPlugins (177ms)
				BeforeProcessingInitializeOnLoad (2ms)
				ProcessInitializeOnLoadAttributes (538ms)
				ProcessInitializeOnLoadMethodAttributes (124ms)
				AfterProcessingInitializeOnLoad (0ms)
				EditorAssembliesLoaded (1ms)
			ExecutionOrderSort2 (0ms)
			AwakeInstancesAfterBackupRestoration (0ms)
Platform modules already initialized, skipping
Registering precompiled user dll's ...
Registered in 0.035849 seconds.
Begin MonoManager ReloadAssembly
Symbol file LoadedFromMemory doesn't match image D:\Course Project\Merc Rebirth\Library\PackageCache\com.unity.visualscripting@1.8.0\Editor\VisualScripting.Core\Dependencies\DotNetZip\Unity.VisualScripting.IonicZip.dll
Symbol file LoadedFromMemory doesn't match image D:\Course Project\Merc Rebirth\Library\PackageCache\com.unity.visualscripting@1.8.0\Editor\VisualScripting.Core\Dependencies\YamlDotNet\Unity.VisualScripting.YamlDotNet.dll
Native extension for WindowsStandalone target not found
Refreshing native plugins compatible for Editor in 363.56 ms, found 6 plugins.
Preloading 0 native plugins for Editor in 0.00 ms.
Mono: successfully reloaded assembly
- Completed reload, in  4.590 seconds
Domain Reload Profiling:
	ReloadAssembly (4591ms)
		BeginReloadAssembly (524ms)
			ExecutionOrderSort (0ms)
			DisableScriptedObjects (26ms)
			BackupInstance (0ms)
			ReleaseScriptingObjects (1ms)
			CreateAndSetChildDomain (86ms)
		EndReloadAssembly (3587ms)
			LoadAssemblies (276ms)
			RebuildTransferFunctionScriptingTraits (0ms)
			SetupTypeCache (850ms)
			ReleaseScriptCaches (2ms)
			RebuildScriptCaches (150ms)
			SetupLoadedEditorAssemblies (2285ms)
				LogAssemblyErrors (0ms)
				InitializePlatformSupportModulesInManaged (23ms)
				SetLoadedEditorAssemblies (0ms)
				RefreshPlugins (364ms)
				BeforeProcessingInitializeOnLoad (358ms)
				ProcessInitializeOnLoadAttributes (1359ms)
				ProcessInitializeOnLoadMethodAttributes (161ms)
				AfterProcessingInitializeOnLoad (18ms)
				EditorAssembliesLoaded (0ms)
			ExecutionOrderSort2 (0ms)
			AwakeInstancesAfterBackupRestoration (11ms)
Platform modules already initialized, skipping
========================================================================
Worker process is ready to serve import requests
Launched and connected shader compiler UnityShaderCompiler.exe after 0.35 seconds
Refreshing native plugins compatible for Editor in 1.46 ms, found 6 plugins.
Preloading 0 native plugins for Editor in 0.00 ms.
Unloading 4081 Unused Serialized files (Serialized files now loaded: 0)
Unloading 75 unused Assets / (65.2 MB). Loaded Objects now: 4578.
Memory consumption went from 176.0 MB to 110.8 MB.
Total: 42.086600 ms (FindLiveObjects: 0.498000 ms CreateObjectMapping: 0.450000 ms MarkObjects: 37.755000 ms  DeleteObjects: 3.382000 ms)

AssetImportParameters requested are different than current active one (requested -> active):
  custom:video-decoder-ogg-theora: a1e56fd34408186e4bbccfd4996cb3dc -> 
  custom:container-muxer-webm: aa71ff27fc2769a1b78a27578f13a17b -> 
  custom:container-demuxer-webm: 4f35f7cbe854078d1ac9338744f61a02 -> 
  custom:video-encoder-webm-vp8: eb34c28f22e8b96e1ab97ce403110664 -> 
  custom:audio-encoder-webm-vorbis: bf7c407c2cedff20999df2af8eb42d56 -> 
  custom:framework-win-MediaFoundation: 216162199b28c13a410421893ffa2e32 -> 
  custom:container-demuxer-ogg: 62fdf1f143b41e24485cea50d1cbac27 -> 
  custom:video-decoder-webm-vp8: 9c59270c3fd7afecdb556c50c9e8de78 -> 
  custom:audio-decoder-ogg-vorbis: bf7c407c2cedff20999df2af8eb42d56 -> 
========================================================================
Received Import Request.
  Time since last request: 2045156.674564 seconds.
  path: Assets/RoomGeneration/Room Presets/Ice Rooms/20x20 Circle/Layouts/Waves_Layout.prefab
  artifactKey: Guid(f2f33cd5ba1d1074bad95e2db061ec58) Importer(815301076,1909f56bfc062723c751e8b465ee728b)
Start importing Assets/RoomGeneration/Room Presets/Ice Rooms/20x20 Circle/Layouts/Waves_Layout.prefab using Guid(f2f33cd5ba1d1074bad95e2db061ec58) Importer(815301076,1909f56bfc062723c751e8b465ee728b)  -> (artifact id: 'c0cbfbcf732ed064c17b2945eae4fa80') in 0.635410 seconds 
========================================================================
Received Import Request.
  Time since last request: 0.000047 seconds.
  path: Assets/RoomGeneration/Room Presets/Ice Rooms/20x20 Circle/Layouts/Empty_Layout.prefab
  artifactKey: Guid(72af7055793a62c4fa6244c1c7a2ee23) Importer(815301076,1909f56bfc062723c751e8b465ee728b)
Start importing Assets/RoomGeneration/Room Presets/Ice Rooms/20x20 Circle/Layouts/Empty_Layout.prefab using Guid(72af7055793a62c4fa6244c1c7a2ee23) Importer(815301076,1909f56bfc062723c751e8b465ee728b)  -> (artifact id: '10dfb386163e4f59265da26890608e11') in 0.011781 seconds 
========================================================================
Received Import Request.
  Time since last request: 0.000031 seconds.
  path: Assets/RoomGeneration/Room Presets/Ice Rooms/20x20 Circle/Layouts/Hook_Layout.prefab
  artifactKey: Guid(c4dd85fa64e4a894891df83fdec69210) Importer(815301076,1909f56bfc062723c751e8b465ee728b)
Start importing Assets/RoomGeneration/Room Presets/Ice Rooms/20x20 Circle/Layouts/Hook_Layout.prefab using Guid(c4dd85fa64e4a894891df83fdec69210) Importer(815301076,1909f56bfc062723c751e8b465ee728b)  -> (artifact id: 'c29ba9e7ebb53419650fc1c7abb05e99') in 0.042678 seconds 
========================================================================
Received Import Request.
  Time since last request: 0.000036 seconds.
  path: Assets/RoomGeneration/Room Presets/Ice Rooms/20x20 Circle/Layouts/X_Layout.prefab
  artifactKey: Guid(4d11fce1c15cf42498b40fd322d80fc6) Importer(815301076,1909f56bfc062723c751e8b465ee728b)
Start importing Assets/RoomGeneration/Room Presets/Ice Rooms/20x20 Circle/Layouts/X_Layout.prefab using Guid(4d11fce1c15cf42498b40fd322d80fc6) Importer(815301076,1909f56bfc062723c751e8b465ee728b)  -> (artifact id: 'd0ded906bc5713500842ddc2cb5215a2') in 0.109768 seconds 
========================================================================
Received Import Request.
  Time since last request: 84.751406 seconds.
  path: Assets/RoomGeneration/Room Presets/Ice Rooms/20x20 Circle/Layouts/Double_Layout.prefab
  artifactKey: Guid(d30077db521e076419992d71c5f83b0d) Importer(815301076,1909f56bfc062723c751e8b465ee728b)
Start importing Assets/RoomGeneration/Room Presets/Ice Rooms/20x20 Circle/Layouts/Double_Layout.prefab using Guid(d30077db521e076419992d71c5f83b0d) Importer(815301076,1909f56bfc062723c751e8b465ee728b)  -> (artifact id: '3af3f48ef92a40b15be414ba85682170') in 0.537803 seconds 
========================================================================
Received Import Request.
  Time since last request: 0.000028 seconds.
  path: Assets/RoomGeneration/Room Presets/Ice Rooms/20x20 Circle/Layouts/Waves_Layout.prefab
  artifactKey: Guid(f2f33cd5ba1d1074bad95e2db061ec58) Importer(815301076,1909f56bfc062723c751e8b465ee728b)
Start importing Assets/RoomGeneration/Room Presets/Ice Rooms/20x20 Circle/Layouts/Waves_Layout.prefab using Guid(f2f33cd5ba1d1074bad95e2db061ec58) Importer(815301076,1909f56bfc062723c751e8b465ee728b)  -> (artifact id: '387ef2ac14123ad84e3653b60ae6ace0') in 0.148316 seconds 
========================================================================
Received Import Request.
  Time since last request: 0.000032 seconds.
  path: Assets/RoomGeneration/Room Presets/Ice Rooms/20x20 Circle/Layouts/X_Layout.prefab
  artifactKey: Guid(4d11fce1c15cf42498b40fd322d80fc6) Importer(815301076,1909f56bfc062723c751e8b465ee728b)
Start importing Assets/RoomGeneration/Room Presets/Ice Rooms/20x20 Circle/Layouts/X_Layout.prefab using Guid(4d11fce1c15cf42498b40fd322d80fc6) Importer(815301076,1909f56bfc062723c751e8b465ee728b)  -> (artifact id: '9c53b6a53f54018fb787c76a88bc6284') in 0.100273 seconds 
========================================================================
Received Prepare
Registering precompiled user dll's ...
Registered in 0.027395 seconds.
Begin MonoManager ReloadAssembly
Symbol file LoadedFromMemory doesn't match image D:\Course Project\Merc Rebirth\Library\PackageCache\com.unity.visualscripting@1.8.0\Editor\VisualScripting.Core\Dependencies\DotNetZip\Unity.VisualScripting.IonicZip.dll
Symbol file LoadedFromMemory doesn't match image D:\Course Project\Merc Rebirth\Library\PackageCache\com.unity.visualscripting@1.8.0\Editor\VisualScripting.Core\Dependencies\YamlDotNet\Unity.VisualScripting.YamlDotNet.dll
Native extension for WindowsStandalone target not found
Refreshing native plugins compatible for Editor in 3.07 ms, found 6 plugins.
Preloading 0 native plugins for Editor in 0.00 ms.
Mono: successfully reloaded assembly
- Completed reload, in  2.525 seconds
Domain Reload Profiling:
	ReloadAssembly (2526ms)
		BeginReloadAssembly (235ms)
			ExecutionOrderSort (0ms)
			DisableScriptedObjects (11ms)
			BackupInstance (0ms)
			ReleaseScriptingObjects (0ms)
			CreateAndSetChildDomain (69ms)
		EndReloadAssembly (2142ms)
			LoadAssemblies (158ms)
			RebuildTransferFunctionScriptingTraits (0ms)
			SetupTypeCache (413ms)
			ReleaseScriptCaches (2ms)
			RebuildScriptCaches (84ms)
			SetupLoadedEditorAssemblies (1423ms)
				LogAssemblyErrors (0ms)
				InitializePlatformSupportModulesInManaged (57ms)
				SetLoadedEditorAssemblies (1ms)
				RefreshPlugins (3ms)
				BeforeProcessingInitializeOnLoad (232ms)
				ProcessInitializeOnLoadAttributes (1026ms)
				ProcessInitializeOnLoadMethodAttributes (90ms)
				AfterProcessingInitializeOnLoad (13ms)
				EditorAssembliesLoaded (0ms)
			ExecutionOrderSort2 (0ms)
			AwakeInstancesAfterBackupRestoration (16ms)
Platform modules already initialized, skipping
Refreshing native plugins compatible for Editor in 4.93 ms, found 6 plugins.
Preloading 0 native plugins for Editor in 0.00 ms.
Unloading 4056 Unused Serialized files (Serialized files now loaded: 0)
Unloading 50 unused Assets / (97.9 KB). Loaded Objects now: 4604.
Memory consumption went from 178.7 MB to 178.6 MB.
Total: 6.067400 ms (FindLiveObjects: 0.386100 ms CreateObjectMapping: 0.389000 ms MarkObjects: 5.230100 ms  DeleteObjects: 0.061200 ms)

AssetImportParameters requested are different than current active one (requested -> active):
  custom:video-decoder-ogg-theora: a1e56fd34408186e4bbccfd4996cb3dc -> 
  custom:container-muxer-webm: aa71ff27fc2769a1b78a27578f13a17b -> 
  custom:container-demuxer-webm: 4f35f7cbe854078d1ac9338744f61a02 -> 
  custom:video-encoder-webm-vp8: eb34c28f22e8b96e1ab97ce403110664 -> 
  custom:audio-encoder-webm-vorbis: bf7c407c2cedff20999df2af8eb42d56 -> 
  custom:framework-win-MediaFoundation: 216162199b28c13a410421893ffa2e32 -> 
  custom:container-demuxer-ogg: 62fdf1f143b41e24485cea50d1cbac27 -> 
  custom:video-decoder-webm-vp8: 9c59270c3fd7afecdb556c50c9e8de78 -> 
  custom:audio-decoder-ogg-vorbis: bf7c407c2cedff20999df2af8eb42d56 -> 
Editor requested this worker to shutdown with reason: Scaling down because of idle timeout
AssetImportWorker is now disconnected from the server
Process exiting
Exiting without the bug reporter. Application will terminate with return code 0