Using pre-set license
Built from '2021.3/staging' branch; Version is '2021.3.18f1 (3129e69bc0c7) revision 3221990'; Using compiler version '192829333'; Build Type 'Release'
OS: 'Windows 10  (10.0.19045) 64bit Professional' Language: 'ru' Physical Memory: 16335 MB
BatchMode: 1, IsHumanControllingUs: 0, StartBugReporterOnCrash: 0, Is64bit: 1, IsPro: 1

COMMAND LINE ARGUMENTS:
D:\Unity\2021.3.18f1\Editor\Unity.exe
-adb2
-batchMode
-noUpm
-name
AssetImportWorker2
-projectPath
D:/Лабы/MercRebirth
-logFile
Logs/AssetImportWorker2.log
-srvPort
62252
Successfully changed project path to: D:/Лабы/MercRebirth
D:/Лабы/MercRebirth
[UnityMemory] Configuration Parameters - Can be set up in boot.config
    "memorysetup-bucket-allocator-granularity=16"
    "memorysetup-bucket-allocator-bucket-count=8"
    "memorysetup-bucket-allocator-block-size=33554432"
    "memorysetup-bucket-allocator-block-count=8"
    "memorysetup-main-allocator-block-size=16777216"
    "memorysetup-thread-allocator-block-size=16777216"
    "memorysetup-gfx-main-allocator-block-size=16777216"
    "memorysetup-gfx-thread-allocator-block-size=16777216"
    "memorysetup-cache-allocator-block-size=4194304"
    "memorysetup-typetree-allocator-block-size=2097152"
    "memorysetup-profiler-bucket-allocator-granularity=16"
    "memorysetup-profiler-bucket-allocator-bucket-count=8"
    "memorysetup-profiler-bucket-allocator-block-size=33554432"
    "memorysetup-profiler-bucket-allocator-block-count=8"
    "memorysetup-profiler-allocator-block-size=16777216"
    "memorysetup-profiler-editor-allocator-block-size=1048576"
    "memorysetup-temp-allocator-size-main=16777216"
    "memorysetup-job-temp-allocator-block-size=2097152"
    "memorysetup-job-temp-allocator-block-size-background=1048576"
    "memorysetup-job-temp-allocator-reduction-small-platforms=262144"
    "memorysetup-temp-allocator-size-background-worker=32768"
    "memorysetup-temp-allocator-size-job-worker=262144"
    "memorysetup-temp-allocator-size-preload-manager=33554432"
    "memorysetup-temp-allocator-size-nav-mesh-worker=65536"
    "memorysetup-temp-allocator-size-audio-worker=65536"
    "memorysetup-temp-allocator-size-cloud-worker=32768"
    "memorysetup-temp-allocator-size-gi-baking-worker=262144"
    "memorysetup-temp-allocator-size-gfx=262144"
Player connection [7648] Host "[IP] 192.168.1.5 [Port] 0 [Flags] 2 [Guid] 1782254652 [EditorId] 1782254652 [Version] 1048832 [Id] WindowsEditor(7,HOME-PC) [Debug] 1 [PackageName] WindowsEditor [ProjectName] Editor" joined multi-casting on [225.0.0.222:54997]...

Player connection [7648] Host "[IP] 192.168.1.5 [Port] 0 [Flags] 2 [Guid] 1782254652 [EditorId] 1782254652 [Version] 1048832 [Id] WindowsEditor(7,HOME-PC) [Debug] 1 [PackageName] WindowsEditor [ProjectName] Editor" joined alternative multi-casting on [225.0.0.222:34997]...

Refreshing native plugins compatible for Editor in 119.34 ms, found 6 plugins.
Preloading 0 native plugins for Editor in 0.00 ms.
Initialize engine version: 2021.3.18f1 (3129e69bc0c7)
[Subsystems] Discovering subsystems at path D:/Unity/2021.3.18f1/Editor/Data/Resources/UnitySubsystems
[Subsystems] Discovering subsystems at path D:/Лабы/MercRebirth/Assets
GfxDevice: creating device client; threaded=0; jobified=0
Direct3D:
    Version:  Direct3D 11.0 [level 11.1]
    Renderer: NVIDIA GeForce RTX 2060 SUPER (ID=0x1f06)
    Vendor:   NVIDIA
    VRAM:     8019 MB
    Driver:   31.0.15.3168
Initialize mono
Mono path[0] = 'D:/Unity/2021.3.18f1/Editor/Data/Managed'
Mono path[1] = 'D:/Unity/2021.3.18f1/Editor/Data/MonoBleedingEdge/lib/mono/unityjit-win32'
Mono config path = 'D:/Unity/2021.3.18f1/Editor/Data/MonoBleedingEdge/etc'
Using monoOptions --debugger-agent=transport=dt_socket,embedding=1,server=y,suspend=n,address=127.0.0.1:56816
Begin MonoManager ReloadAssembly
Registering precompiled unity dll's ...
Register platform support module: D:/Unity/2021.3.18f1/Editor/Data/PlaybackEngines/MacStandaloneSupport/UnityEditor.OSXStandalone.Extensions.dll
Register platform support module: D:/Unity/2021.3.18f1/Editor/Data/PlaybackEngines/WindowsStandaloneSupport/UnityEditor.WindowsStandalone.Extensions.dll
Register platform support module: D:/Unity/2021.3.18f1/Editor/Data/PlaybackEngines/LinuxStandaloneSupport/UnityEditor.LinuxStandalone.Extensions.dll
Registered in 0.003736 seconds.
Native extension for LinuxStandalone target not found
Native extension for WindowsStandalone target not found
Native extension for OSXStandalone target not found
Refreshing native plugins compatible for Editor in 113.77 ms, found 6 plugins.
Preloading 0 native plugins for Editor in 0.00 ms.
Mono: successfully reloaded assembly
- Completed reload, in  0.709 seconds
Domain Reload Profiling:
	ReloadAssembly (709ms)
		BeginReloadAssembly (95ms)
			ExecutionOrderSort (0ms)
			DisableScriptedObjects (0ms)
			BackupInstance (0ms)
			ReleaseScriptingObjects (0ms)
			CreateAndSetChildDomain (1ms)
		EndReloadAssembly (505ms)
			LoadAssemblies (95ms)
			RebuildTransferFunctionScriptingTraits (0ms)
			SetupTypeCache (108ms)
			ReleaseScriptCaches (0ms)
			RebuildScriptCaches (29ms)
			SetupLoadedEditorAssemblies (314ms)
				LogAssemblyErrors (0ms)
				InitializePlatformSupportModulesInManaged (12ms)
				SetLoadedEditorAssemblies (0ms)
				RefreshPlugins (114ms)
				BeforeProcessingInitializeOnLoad (1ms)
				ProcessInitializeOnLoadAttributes (138ms)
				ProcessInitializeOnLoadMethodAttributes (49ms)
				AfterProcessingInitializeOnLoad (0ms)
				EditorAssembliesLoaded (0ms)
			ExecutionOrderSort2 (0ms)
			AwakeInstancesAfterBackupRestoration (0ms)
Platform modules already initialized, skipping
Registering precompiled user dll's ...
Registered in 0.016475 seconds.
Begin MonoManager ReloadAssembly
Symbol file LoadedFromMemory doesn't match image D:\Лабы\MercRebirth\Library\PackageCache\com.unity.visualscripting@1.8.0\Editor\VisualScripting.Core\Dependencies\DotNetZip\Unity.VisualScripting.IonicZip.dll
Symbol file LoadedFromMemory doesn't match image D:\Лабы\MercRebirth\Library\PackageCache\com.unity.visualscripting@1.8.0\Editor\VisualScripting.Core\Dependencies\YamlDotNet\Unity.VisualScripting.YamlDotNet.dll
Native extension for LinuxStandalone target not found
Native extension for WindowsStandalone target not found
Native extension for OSXStandalone target not found
Refreshing native plugins compatible for Editor in 126.00 ms, found 6 plugins.
Preloading 0 native plugins for Editor in 0.00 ms.
Mono: successfully reloaded assembly
- Completed reload, in  1.440 seconds
Domain Reload Profiling:
	ReloadAssembly (1441ms)
		BeginReloadAssembly (140ms)
			ExecutionOrderSort (0ms)
			DisableScriptedObjects (7ms)
			BackupInstance (0ms)
			ReleaseScriptingObjects (0ms)
			CreateAndSetChildDomain (21ms)
		EndReloadAssembly (1173ms)
			LoadAssemblies (127ms)
			RebuildTransferFunctionScriptingTraits (0ms)
			SetupTypeCache (276ms)
			ReleaseScriptCaches (1ms)
			RebuildScriptCaches (84ms)
			SetupLoadedEditorAssemblies (656ms)
				LogAssemblyErrors (0ms)
				InitializePlatformSupportModulesInManaged (11ms)
				SetLoadedEditorAssemblies (0ms)
				RefreshPlugins (126ms)
				BeforeProcessingInitializeOnLoad (124ms)
				ProcessInitializeOnLoadAttributes (351ms)
				ProcessInitializeOnLoadMethodAttributes (40ms)
				AfterProcessingInitializeOnLoad (3ms)
				EditorAssembliesLoaded (0ms)
			ExecutionOrderSort2 (0ms)
			AwakeInstancesAfterBackupRestoration (5ms)
Platform modules already initialized, skipping
========================================================================
Worker process is ready to serve import requests
Launched and connected shader compiler UnityShaderCompiler.exe after 0.04 seconds
Refreshing native plugins compatible for Editor in 0.82 ms, found 6 plugins.
Preloading 0 native plugins for Editor in 0.00 ms.
Unloading 4091 Unused Serialized files (Serialized files now loaded: 0)
Unloading 76 unused Assets / (131.7 KB). Loaded Objects now: 4565.
Memory consumption went from 156.8 MB to 156.7 MB.
Total: 3.586900 ms (FindLiveObjects: 0.372900 ms CreateObjectMapping: 0.103000 ms MarkObjects: 2.998200 ms  DeleteObjects: 0.111700 ms)

AssetImportParameters requested are different than current active one (requested -> active):
  custom:video-decoder-ogg-theora: a1e56fd34408186e4bbccfd4996cb3dc -> 
  custom:container-muxer-webm: aa71ff27fc2769a1b78a27578f13a17b -> 
  custom:container-demuxer-webm: 4f35f7cbe854078d1ac9338744f61a02 -> 
  custom:video-encoder-webm-vp8: eb34c28f22e8b96e1ab97ce403110664 -> 
  custom:audio-encoder-webm-vorbis: bf7c407c2cedff20999df2af8eb42d56 -> 
  custom:framework-win-MediaFoundation: 216162199b28c13a410421893ffa2e32 -> 
  custom:container-demuxer-ogg: 62fdf1f143b41e24485cea50d1cbac27 -> 
  custom:video-decoder-webm-vp8: 9c59270c3fd7afecdb556c50c9e8de78 -> 
  custom:audio-decoder-ogg-vorbis: bf7c407c2cedff20999df2af8eb42d56 -> 
========================================================================
Received Import Request.
  Time since last request: 10039.607290 seconds.
  path: Assets/RoomGeneration/prefabs
  artifactKey: Guid(f76de00559127ef439e16f525bacccbb) Importer(815301076,1909f56bfc062723c751e8b465ee728b)
Start importing Assets/RoomGeneration/prefabs using Guid(f76de00559127ef439e16f525bacccbb) Importer(815301076,1909f56bfc062723c751e8b465ee728b)  -> (artifact id: '2f4ec5cff9113f96b04b9ad36b2e4eb4') in 0.015223 seconds 
========================================================================
Received Import Request.
  Time since last request: 0.062430 seconds.
  path: Assets/RoomGeneration/prefabs/Box.prefab
  artifactKey: Guid(e57ae373bb828344ea7d01f658303296) Importer(815301076,1909f56bfc062723c751e8b465ee728b)
Start importing Assets/RoomGeneration/prefabs/Box.prefab using Guid(e57ae373bb828344ea7d01f658303296) Importer(815301076,1909f56bfc062723c751e8b465ee728b)  -> (artifact id: '36a3d7f1e20acb6acb46ac3dbaf7e068') in 1.201368 seconds 
========================================================================
Received Import Request.
  Time since last request: 0.000031 seconds.
  path: Assets/RoomGeneration/prefabs/IceDoorTile.prefab
  artifactKey: Guid(1ee5a0cfe10343949a0fe626d88b0a48) Importer(815301076,1909f56bfc062723c751e8b465ee728b)
Start importing Assets/RoomGeneration/prefabs/IceDoorTile.prefab using Guid(1ee5a0cfe10343949a0fe626d88b0a48) Importer(815301076,1909f56bfc062723c751e8b465ee728b)  -> (artifact id: '42aa5fce3f4c9d6540c4f0db57e9e960') in 0.054827 seconds 
========================================================================
Received Import Request.
  Time since last request: 0.000028 seconds.
  path: Assets/RoomGeneration/prefabs/VertDoorTrigger.prefab
  artifactKey: Guid(bd11982de45989e42847237c573d4dd8) Importer(815301076,1909f56bfc062723c751e8b465ee728b)
Start importing Assets/RoomGeneration/prefabs/VertDoorTrigger.prefab using Guid(bd11982de45989e42847237c573d4dd8) Importer(815301076,1909f56bfc062723c751e8b465ee728b)  -> (artifact id: 'fee6423c943763391045f02cd17d5df6') in 0.010280 seconds 
========================================================================
Received Import Request.
  Time since last request: 0.000020 seconds.
  path: Assets/RoomGeneration/prefabs/PurpleFloorTile.prefab
  artifactKey: Guid(41164f8ff6c663d4eabba98ee86aecd1) Importer(815301076,1909f56bfc062723c751e8b465ee728b)
Start importing Assets/RoomGeneration/prefabs/PurpleFloorTile.prefab using Guid(41164f8ff6c663d4eabba98ee86aecd1) Importer(815301076,1909f56bfc062723c751e8b465ee728b)  -> (artifact id: 'c061767bfeafdabcbec2d077cefbea35') in 0.023514 seconds 
========================================================================
Received Import Request.
  Time since last request: 0.000020 seconds.
  path: Assets/RoomGeneration/prefabs/VertDoor.prefab
  artifactKey: Guid(e55e35b35fc078b479373e4bc67c2cd3) Importer(815301076,1909f56bfc062723c751e8b465ee728b)
Start importing Assets/RoomGeneration/prefabs/VertDoor.prefab using Guid(e55e35b35fc078b479373e4bc67c2cd3) Importer(815301076,1909f56bfc062723c751e8b465ee728b)  -> (artifact id: '567cb5eb302caa57d446aa6821f9d756') in 0.015521 seconds 
========================================================================
Received Import Request.
  Time since last request: 0.000016 seconds.
  path: Assets/RoomGeneration/prefabs/HorDoorTrigger.prefab
  artifactKey: Guid(783667df47cb2e54c9d59a5c392d9ae7) Importer(815301076,1909f56bfc062723c751e8b465ee728b)
Start importing Assets/RoomGeneration/prefabs/HorDoorTrigger.prefab using Guid(783667df47cb2e54c9d59a5c392d9ae7) Importer(815301076,1909f56bfc062723c751e8b465ee728b)  -> (artifact id: '3f4cc94538addb442e4ec77a650e2fbb') in 0.010181 seconds 
========================================================================
Received Import Request.
  Time since last request: 0.000026 seconds.
  path: Assets/RoomGeneration/prefabs/IceWallTile.prefab
  artifactKey: Guid(077f4b52a7ffbf740a675725541cb17d) Importer(815301076,1909f56bfc062723c751e8b465ee728b)
Start importing Assets/RoomGeneration/prefabs/IceWallTile.prefab using Guid(077f4b52a7ffbf740a675725541cb17d) Importer(815301076,1909f56bfc062723c751e8b465ee728b)  -> (artifact id: '34db0616fbf479096f385a8c3289aec2') in 0.016348 seconds 
Editor requested this worker to shutdown with reason: Scaling down because of idle timeout
AssetImportWorker is now disconnected from the server
Process exiting
Exiting without the bug reporter. Application will terminate with return code 0